<?xml version="1.0" encoding="UTF-8"?>
<!-- Generated by org.testng.reporters.JUnitReportReporter -->
<testsuite skipped="0" hostname="LAPTOP-G9HHL1F8" name="Execute.google1" tests="1" failures="0" timestamp="12 Jun 2020 15:57:02 GMT" time="151.672" errors="0">
  <testcase name="a" time="151.672" classname="Execute.google1"/>
</testsuite> <!-- Execute.google1 -->
