<?xml version="1.0" encoding="UTF-8"?>
<!-- Generated by org.testng.reporters.JUnitReportReporter -->
<testsuite skipped="0" hostname="LAPTOP-G9HHL1F8" name="Execute.Test1" tests="1" failures="0" timestamp="07 Jun 2020 14:11:12 GMT" time="0.002" errors="0">
  <testcase name="g" time="0.002" classname="Execute.Test1"/>
</testsuite> <!-- Execute.Test1 -->
